[0m[[0m[0mdebug[0m] [0m[0m> Exec(early(addDefaultCommands), None, None)[0m
[0m[[0m[0mdebug[0m] [0m[0m> Exec(addDefaultCommands, None, None)[0m
[0m[[0m[0mdebug[0m] [0m[0m> Exec(early(initialize), None, None)[0m
[0m[[0m[0mdebug[0m] [0m[0m> Exec(initialize, None, None)[0m
[0m[[0m[0mdebug[0m] [0m[0m> Exec(boot, None, None)[0m
[0m[[0m[0mdebug[0m] [0m[0m> Exec(writeSbtVersion, None, None)[0m
[0m[[0m[0mdebug[0m] [0m[0m> Exec(reload, None, None)[0m
[0m[[0m[0mdebug[0m] [0m[0m> Exec(sbtStashOnFailure, None, None)[0m
[0m[[0m[0mdebug[0m] [0m[0m> Exec(onFailure loadFailed, None, None)[0m
[0m[[0m[0mdebug[0m] [0m[0m> Exec(loadp, None, None)[0m
[0m[[0m[0minfo[0m] [0m[0mwelcome to sbt 1.4.9 (Private Build Java 1.8.0_282)[0m
[0m[[0m[0mdebug[0m] [0m[0mLoad.defaultLoad until apply took 244.9607ms[0m
[0m[[0m[0mdebug[0m] [0m[0m                Load.loadUnit: plugins took 129.9111ms[0m
[0m[[0m[0mdebug[0m] [0m[0m                Load.loadUnit: defsScala took 0.3432ms[0m
[0m[[0m[0mdebug[0m] [0m[0m[Loading] Scanning directory /root/RevaturePorjects/ProjectZero/twentyquestions/project/project[0m
[0m[[0m[0mdebug[0m] [0m[0m                  Load.loadUnit: mkEval took 9.7864ms[0m
[0m[[0m[0mdebug[0m] [0m[0m[Loading] Found non-root projects [0m
[0m[[0m[0mdebug[0m] [0m[0m[Loading] Done in /root/RevaturePorjects/ProjectZero/twentyquestions/project/project, returning: ()[0m
[0m[[0m[0mdebug[0m] [0m[0mdeducing auto plugins based on known facts Set(Atom(sbt.plugins.CorePlugin)) and clauses Clauses(List(Clause(Atom(sbt.plugins.JvmPlugin),Set(Atom(sbt.plugins.IvyPlugin))), Clause(Atom(sbt.ScriptedPlugin),Set(Atom(sbt.plugins.JvmPlugin))), Clause(Atom(sbt.plugins.SbtPlugin),Set(Atom(sbt.ScriptedPlugin))), Clause(Atom(sbt.plugins.SemanticdbPlugin),Set(Atom(sbt.plugins.JvmPlugin))), Clause(Atom(sbt.plugins.JUnitXmlReportPlugin),Set(Atom(sbt.plugins.JvmPlugin))), Clause(Atom(sbt.plugins.MiniDependencyTreePlugin),Set(Atom(sbt.plugins.JvmPlugin))), Clause(Atom(sbt.plugins.CorePlugin),Set(Atom(sbt.plugins.IvyPlugin))), Clause(Atom(sbt.plugins.IvyPlugin),Set(Atom(sbt.plugins.JvmPlugin))), Clause(Atom(sbt.plugins.JvmPlugin),Set(Atom(sbt.plugins.SemanticdbPlugin))), Clause(Atom(sbt.plugins.JvmPlugin),Set(Atom(sbt.plugins.JUnitXmlReportPlugin))), Clause(Atom(sbt.plugins.CorePlugin),Set(Atom(sbt.plugins.Giter8TemplatePlugin))), Clause(Atom(sbt.plugins.JvmPlugin),Set(Atom(sbt.plugins.MiniDependencyTreePlugin)))))[0m
[0m[[0m[0mdebug[0m] [0m[0m  :: deduced result: Matched(sbt.plugins.CorePlugin,sbt.plugins.Giter8TemplatePlugin,sbt.plugins.IvyPlugin,sbt.plugins.JvmPlugin,sbt.plugins.MiniDependencyTreePlugin,sbt.plugins.JUnitXmlReportPlugin,sbt.plugins.SemanticdbPlugin)[0m
[0m[[0m[0mdebug[0m] [0m[0mPlugins.deducer#function took 21.2745 ms[0m
[0m[[0m[0minfo[0m] [0m[0mloading settings for project twentyquestions-build-build from metals.sbt ...[0m
[0m[[0m[0mdebug[0m] [0m[0m                    Load.resolveProject(twentyquestions-build-build) took 47.6683ms[0m
[0m[[0m[0mdebug[0m] [0m[0m                  Load.loadTransitive: finalizeProject(Project(id twentyquestions-build-build, base: /root/RevaturePorjects/ProjectZero/twentyquestions/project/project, plugins: List(<none>))) took 90.6859ms[0m
[0m[[0m[0mdebug[0m] [0m[0m[Loading] Done in /root/RevaturePorjects/ProjectZero/twentyquestions/project/project, returning: (twentyquestions-build-build)[0m
[0m[[0m[0mdebug[0m] [0m[0m                Load.loadUnit: loadedProjectsRaw took 260.4372ms[0m
[0m[[0m[0mdebug[0m] [0m[0m                Load.loadUnit: cleanEvalClasses took 7.4647ms[0m
[0m[[0m[0mdebug[0m] [0m[0m              Load.loadUnit(file:/root/RevaturePorjects/ProjectZero/twentyquestions/project/project/, ...) took 402.7716ms[0m
[0m[[0m[0mdebug[0m] [0m[0m            Load.apply: load took 473.8053ms[0m
[0m[[0m[0mdebug[0m] [0m[0m            Load.apply: resolveProjects took 3.4305ms[0m
[0m[[0m[0mdebug[0m] [0m[0m            Load.apply: finalTransforms took 44.8166ms[0m
[0m[[0m[0mdebug[0m] [0m[0m            Load.apply: config.delegates took 5.6203ms[0m
[0m[[0m[0mdebug[0m] [0m[0m            Load.apply: Def.make(settings)... took 278.8941ms[0m
[0m[[0m[0mdebug[0m] [0m[0m            Load.apply: structureIndex took 75.8066ms[0m
[0m[[0m[0mdebug[0m] [0m[0m            Load.apply: mkStreams took 1.2502ms[0m
[0m[[0m[0minfo[0m] [0m[0mloading project definition from /root/RevaturePorjects/ProjectZero/twentyquestions/project/project[0m
[0m[[0m[0mdebug[0m] [0m[0mRunning task... Cancel: Signal, check cycles: false, forcegc: true[0m
[0m[[0m[0mdebug[0m] [0m[0m          Load.loadUnit: plugins took 1483.2507ms[0m
[0m[[0m[0mdebug[0m] [0m[0m          Load.loadUnit: defsScala took 0.0032ms[0m
[0m[[0m[0mdebug[0m] [0m[0m[Loading] Scanning directory /root/RevaturePorjects/ProjectZero/twentyquestions/project[0m
[0m[[0m[0mdebug[0m] [0m[0m            Load.loadUnit: mkEval took 0.2005ms[0m
[0m[[0m[0mdebug[0m] [0m[0m[Loading] Found non-root projects [0m
[0m[[0m[0mdebug[0m] [0m[0m[Loading] Done in /root/RevaturePorjects/ProjectZero/twentyquestions/project, returning: ()[0m
[0m[[0m[0mdebug[0m] [0m[0mdeducing auto plugins based on known facts Set(Atom(sbt.plugins.CorePlugin)) and clauses Clauses(List(Clause(Atom(sbt.plugins.JvmPlugin),Set(Atom(sbt.plugins.IvyPlugin))), Clause(Atom(sbt.ScriptedPlugin),Set(Atom(sbt.plugins.JvmPlugin))), Clause(Atom(sbt.plugins.SbtPlugin),Set(Atom(sbt.ScriptedPlugin))), Clause(Atom(sbt.plugins.SemanticdbPlugin),Set(Atom(sbt.plugins.JvmPlugin))), Clause(Atom(sbt.plugins.JUnitXmlReportPlugin),Set(Atom(sbt.plugins.JvmPlugin))), Clause(Atom(sbt.plugins.MiniDependencyTreePlugin),Set(Atom(sbt.plugins.JvmPlugin))), Clause(Atom(bloop.integrations.sbt.BloopPlugin),Set(Atom(sbt.plugins.JvmPlugin))), Clause(Atom(sbt.plugins.CorePlugin),Set(Atom(sbt.plugins.IvyPlugin))), Clause(Atom(sbt.plugins.IvyPlugin),Set(Atom(sbt.plugins.JvmPlugin))), Clause(Atom(sbt.plugins.JvmPlugin),Set(Atom(sbt.plugins.SemanticdbPlugin))), Clause(Atom(sbt.plugins.JvmPlugin),Set(Atom(sbt.plugins.JUnitXmlReportPlugin))), Clause(Atom(sbt.plugins.CorePlugin),Set(Atom(sbt.plugins.Giter8TemplatePlugin))), Clause(Atom(sbt.plugins.JvmPlugin),Set(Atom(sbt.plugins.MiniDependencyTreePlugin))), Clause(Atom(sbt.plugins.JvmPlugin),Set(Atom(bloop.integrations.sbt.BloopPlugin)))))[0m
[0m[[0m[0mdebug[0m] [0m[0m  :: deduced result: Matched(sbt.plugins.CorePlugin,sbt.plugins.Giter8TemplatePlugin,sbt.plugins.IvyPlugin,sbt.plugins.JvmPlugin,bloop.integrations.sbt.BloopPlugin,sbt.plugins.MiniDependencyTreePlugin,sbt.plugins.JUnitXmlReportPlugin,sbt.plugins.SemanticdbPlugin)[0m
[0m[[0m[0mdebug[0m] [0m[0mPlugins.deducer#function took 1.7269 ms[0m
[0m[[0m[0minfo[0m] [0m[0mloading settings for project twentyquestions-build from metals.sbt ...[0m
[0m[[0m[0mdebug[0m] [0m[0m              Load.resolveProject(twentyquestions-build) took 23.7212ms[0m
[0m[[0m[0mdebug[0m] [0m[0m            Load.loadTransitive: finalizeProject(Project(id twentyquestions-build, base: /root/RevaturePorjects/ProjectZero/twentyquestions/project, plugins: List(<none>))) took 25.9241ms[0m
[0m[[0m[0mdebug[0m] [0m[0m[Loading] Done in /root/RevaturePorjects/ProjectZero/twentyquestions/project, returning: (twentyquestions-build)[0m
[0m[[0m[0mdebug[0m] [0m[0m          Load.loadUnit: loadedProjectsRaw took 32.9148ms[0m
[0m[[0m[0mdebug[0m] [0m[0m          Load.loadUnit: cleanEvalClasses took 0.359ms[0m
[0m[[0m[0mdebug[0m] [0m[0m        Load.loadUnit(file:/root/RevaturePorjects/ProjectZero/twentyquestions/project/, ...) took 1517.048ms[0m
[0m[[0m[0mdebug[0m] [0m[0m      Load.apply: load took 1518.3335ms[0m
[0m[[0m[0mdebug[0m] [0m[0m      Load.apply: resolveProjects took 0.0847ms[0m
[0m[[0m[0mdebug[0m] [0m[0m      Load.apply: finalTransforms took 11.2427ms[0m
[0m[[0m[0mdebug[0m] [0m[0m      Load.apply: config.delegates took 0.291ms[0m
[0m[[0m[0mdebug[0m] [0m[0m      Load.apply: Def.make(settings)... took 89.1267ms[0m
[0m[[0m[0mdebug[0m] [0m[0m      Load.apply: structureIndex took 21.3064ms[0m
[0m[[0m[0mdebug[0m] [0m[0m      Load.apply: mkStreams took 0.0028ms[0m
[0m[[0m[0minfo[0m] [0m[0mloading project definition from /root/RevaturePorjects/ProjectZero/twentyquestions/project[0m
[0m[[0m[0mdebug[0m] [0m[0mEvaluating tasks: bloopInstall[0m
[0m[[0m[0mdebug[0m] [0m[0mRunning task... Cancel: bloop.integrations.sbt.Offloader$$anon$1@8bd076a, check cycles: false, forcegc: true[0m
[0m[[0m[32msuccess[0m] [0m[0mGenerated .bloop/twentyquestions-build.json[0m
[0m[[0m[32msuccess[0m] [0m[0mTotal time: 1 s, completed Apr 21, 2021 4:58:14 PM[0m
[0m[[0m[0mdebug[0m] [0m[0mRunning task... Cancel: bloop.integrations.sbt.Offloader$$anon$1@3e046e39, check cycles: false, forcegc: true[0m
[0m[[0m[0mdebug[0m] [0m[0m    Load.loadUnit: plugins took 2353.6832ms[0m
[0m[[0m[0mdebug[0m] [0m[0m    Load.loadUnit: defsScala took 0.0032ms[0m
[0m[[0m[0mdebug[0m] [0m[0m[Loading] Scanning directory /root/RevaturePorjects/ProjectZero/twentyquestions[0m
[0m[[0m[0mdebug[0m] [0m[0m      Load.loadUnit: mkEval took 0.1253ms[0m
[0m[[0m[0mdebug[0m] [0m[0m[Loading] Found root project root w/ remaining [0m
[0m[[0m[0mdebug[0m] [0m[0mdeducing auto plugins based on known facts Set(Atom(sbt.plugins.CorePlugin)) and clauses Clauses(List(Clause(Atom(sbt.plugins.JvmPlugin),Set(Atom(sbt.plugins.IvyPlugin))), Clause(Atom(sbt.ScriptedPlugin),Set(Atom(sbt.plugins.JvmPlugin))), Clause(Atom(sbt.plugins.SbtPlugin),Set(Atom(sbt.ScriptedPlugin))), Clause(Atom(sbt.plugins.SemanticdbPlugin),Set(Atom(sbt.plugins.JvmPlugin))), Clause(Atom(sbt.plugins.JUnitXmlReportPlugin),Set(Atom(sbt.plugins.JvmPlugin))), Clause(Atom(sbt.plugins.MiniDependencyTreePlugin),Set(Atom(sbt.plugins.JvmPlugin))), Clause(Atom(bloop.integrations.sbt.BloopPlugin),Set(Atom(sbt.plugins.JvmPlugin))), Clause(Atom(sbt.plugins.CorePlugin),Set(Atom(sbt.plugins.IvyPlugin))), Clause(Atom(sbt.plugins.IvyPlugin),Set(Atom(sbt.plugins.JvmPlugin))), Clause(Atom(sbt.plugins.JvmPlugin),Set(Atom(sbt.plugins.SemanticdbPlugin))), Clause(Atom(sbt.plugins.JvmPlugin),Set(Atom(sbt.plugins.JUnitXmlReportPlugin))), Clause(Atom(sbt.plugins.CorePlugin),Set(Atom(sbt.plugins.Giter8TemplatePlugin))), Clause(Atom(sbt.plugins.JvmPlugin),Set(Atom(sbt.plugins.MiniDependencyTreePlugin))), Clause(Atom(sbt.plugins.JvmPlugin),Set(Atom(bloop.integrations.sbt.BloopPlugin)))))[0m
[0m[[0m[0mdebug[0m] [0m[0m  :: deduced result: Matched(sbt.plugins.CorePlugin,sbt.plugins.Giter8TemplatePlugin,sbt.plugins.IvyPlugin,sbt.plugins.JvmPlugin,bloop.integrations.sbt.BloopPlugin,sbt.plugins.MiniDependencyTreePlugin,sbt.plugins.JUnitXmlReportPlugin,sbt.plugins.SemanticdbPlugin)[0m
[0m[[0m[0mdebug[0m] [0m[0mPlugins.deducer#function took 1.5537 ms[0m
[0m[[0m[0minfo[0m] [0m[0mloading settings for project root from build.sbt ...[0m
[0m[[0m[0mdebug[0m] [0m[0m        Load.resolveProject(root) took 20.3867ms[0m
[0m[[0m[0mdebug[0m] [0m[0m      Load.loadTransitive: finalizeProject(Project(id root, base: /root/RevaturePorjects/ProjectZero/twentyquestions, plugins: List(<none>))) took 22.8337ms[0m
[0m[[0m[0mdebug[0m] [0m[0m[Loading] Done in /root/RevaturePorjects/ProjectZero/twentyquestions, returning: (root)[0m
[0m[[0m[0mdebug[0m] [0m[0m    Load.loadUnit: loadedProjectsRaw took 62.9357ms[0m
[0m[[0m[0mdebug[0m] [0m[0m    Load.loadUnit: cleanEvalClasses took 0.4782ms[0m
[0m[[0m[0mdebug[0m] [0m[0m  Load.loadUnit(file:/root/RevaturePorjects/ProjectZero/twentyquestions/, ...) took 2418.0708ms[0m
[0m[[0m[0mdebug[0m] [0m[0mLoad.apply: load took 2436.373ms[0m
[0m[[0m[0mdebug[0m] [0m[0mLoad.apply: resolveProjects took 0.097ms[0m
[0m[[0m[0mdebug[0m] [0m[0mLoad.apply: finalTransforms took 10.0459ms[0m
[0m[[0m[0mdebug[0m] [0m[0mLoad.apply: config.delegates took 0.2713ms[0m
[0m[[0m[0mdebug[0m] [0m[0mLoad.apply: Def.make(settings)... took 52.2169ms[0m
[0m[[0m[0mdebug[0m] [0m[0mLoad.apply: structureIndex took 17.73ms[0m
[0m[[0m[0mdebug[0m] [0m[0mLoad.apply: mkStreams took 0.0036ms[0m
[0m[[0m[0minfo[0m] [0m[0mset current project to TwentyQuestions (in build file:/root/RevaturePorjects/ProjectZero/twentyquestions/)[0m
[0m[[0m[0mdebug[0m] [0m[0m> Exec(sbtPopOnFailure, None, None)[0m
[0m[[0m[0mdebug[0m] [0m[0m> Exec(resumeFromFailure, None, None)[0m
[0m[[0m[0mdebug[0m] [0m[0m> Exec(notifyUsersAboutShell, None, None)[0m
[0m[[0m[0mdebug[0m] [0m[0m> Exec(iflast shell, None, None)[0m
[0m[[0m[0mdebug[0m] [0m[0m> Exec(run, None, None)[0m
[0m[[0m[0mdebug[0m] [0m[0mEvaluating tasks: Compile / run[0m
[0m[[0m[0mdebug[0m] [0m[0mRunning task... Cancel: bloop.integrations.sbt.Offloader$$anon$1@3babcaed, check cycles: false, forcegc: true[0m
